2020-05-21 15:22:02,472 - transaction - INFO - account:1234   action:repay    amount:100.0   interest:0.0
2020-05-21 15:23:56,688 - transaction - INFO - account:1234   action:repay    amount:100.0   interest:0.0
2020-05-21 15:29:08,536 - transaction - INFO - account:1234   action:withdraw    amount:100.0   interest:5.0
2020-05-21 17:18:31,506 - transaction - INFO - account:1234   action:transfer    amount:100.0   interest:5.0
2020-05-21 17:19:50,405 - transaction - INFO - account:1234   action:transfer    amount:100.0   interest:5.0
2020-05-21 17:27:05,409 - transaction - INFO - account:1234   action:transfer    amount:100.0   interest:5.0
2020-05-21 17:27:27,474 - transaction - INFO - account:1234   action:transfer    amount:100.0   interest:5.0
2020-05-21 17:28:57,100 - transaction - INFO - account:1234   action:transfer    amount:100.0   interest:5.0
2020-05-21 17:29:59,234 - transaction - INFO - account:1234   action:transfer    amount:100.0   interest:5.0
2020-05-21 17:30:31,828 - transaction - INFO - account:1234   action:transfer    amount:100.0   interest:5.0
2020-05-21 17:39:02,074 - transaction - INFO - account:1234   action:transfer    amount:100.0   interest:5.0
2020-05-21 17:41:48,494 - transaction - INFO - account:1234   action:transfer    amount:100.0   interest:5.0
2020-05-21 17:42:29,688 - transaction - INFO - account:1234   action:transfer    amount:100.0   interest:5.0
2020-05-21 17:43:02,685 - transaction - INFO - account:1234   action:transfer    amount:100.0   interest:5.0
2020-05-21 17:45:49,245 - transaction - INFO - account:1234   action:transfer    amount:100.0   interest:5.0
2020-05-21 17:49:33,135 - transaction - INFO - account:1234   action:transfer    amount:100.0   interest:5.0
2020-05-21 17:57:13,792 - transaction - INFO - account:1234   action:transfer    amount:100.0   interest:5.0
2020-05-21 17:58:19,795 - transaction - INFO - account:1234   action:transfer    amount:52.0   interest:2.6
2020-05-24 23:49:23,896 - transaction - INFO - account:1234   action:repay    amount:1.0   interest:0.0
2020-05-24 23:49:27,120 - transaction - INFO - account:1234   action:repay    amount:1.0   interest:0.0
2020-05-24 23:49:28,848 - transaction - INFO - account:1234   action:repay    amount:1.0   interest:0.0
2020-05-25 23:33:03,747 - transaction - INFO - account:1234   action:repay    amount:10000.0   interest:0.0
2020-05-25 23:34:02,027 - transaction - INFO - account:1234   action:withdraw    amount:22.0   interest:1.1
